# JRE version: Java(TM) SE Runtime Environment (8.0_251-b08) (build 1.8.0_251-b08)
# Java VM: Java HotSpot(TM) 64-Bit Server VM (25.251-b08 mixed mode windows-amd64 compressed oops)
Heap:
 PSYoungGen      total 244224K, used 16726K [0x00000000e0000000, 0x00000000f1e00000, 0x0000000100000000)
  eden space 222208K, 0% used [0x00000000e0000000,0x00000000e0000000,0x00000000ed900000)
  from space 22016K, 75% used [0x00000000f0880000,0x00000000f18d5820,0x00000000f1e00000)
  to   space 15872K, 0% used [0x00000000ed900000,0x00000000ed900000,0x00000000ee880000)
 ParOldGen       total 93184K, used 31855K [0x00000000a0000000, 0x00000000a5b00000, 0x00000000e0000000)
  object space 93184K, 34% used [0x00000000a0000000,0x00000000a1f1bcf0,0x00000000a5b00000)
 Metaspace       used 56937K, capacity 58984K, committed 59096K, reserved 1099776K
  class space    used 7688K, capacity 8170K, committed 8192K, reserved 1048576K
GC Heap History (10 events):
Event: 9.352 GC heap after
Heap after GC invocations=8 (full 1):
 PSYoungGen      total 144384K, used 11244K [0x00000000e0000000, 0x00000000efc00000, 0x0000000100000000)
  eden space 133120K, 0% used [0x00000000e0000000,0x00000000e0000000,0x00000000e8200000)
  from space 11264K, 99% used [0x00000000e8200000,0x00000000e8cfb120,0x00000000e8d00000)
  to   space 15360K, 0% used [0x00000000eed00000,0x00000000eed00000,0x00000000efc00000)
 ParOldGen       total 55808K, used 11945K [0x00000000a0000000, 0x00000000a3680000, 0x00000000e0000000)
  object space 55808K, 21% used [0x00000000a0000000,0x00000000a0baa760,0x00000000a3680000)
 Metaspace       used 34379K, capacity 35296K, committed 35456K, reserved 1079296K
  class space    used 4614K, capacity 4886K, committed 4992K, reserved 1048576K
}
Event: 9.352 GC heap before
{Heap before GC invocations=9 (full 2):
 PSYoungGen      total 144384K, used 11244K [0x00000000e0000000, 0x00000000efc00000, 0x0000000100000000)
  eden space 133120K, 0% used [0x00000000e0000000,0x00000000e0000000,0x00000000e8200000)
  from space 11264K, 99% used [0x00000000e8200000,0x00000000e8cfb120,0x00000000e8d00000)
  to   space 15360K, 0% used [0x00000000eed00000,0x00000000eed00000,0x00000000efc00000)
 ParOldGen       total 55808K, used 11945K [0x00000000a0000000, 0x00000000a3680000, 0x00000000e0000000)
  object space 55808K, 21% used [0x00000000a0000000,0x00000000a0baa760,0x00000000a3680000)
 Metaspace       used 34379K, capacity 35296K, committed 35456K, reserved 1079296K
  class space    used 4614K, capacity 4886K, committed 4992K, reserved 1048576K
Event: 9.422 GC heap after
Heap after GC invocations=9 (full 2):
 PSYoungGen      total 144384K, used 0K [0x00000000e0000000, 0x00000000efc00000, 0x0000000100000000)
  eden space 133120K, 0% used [0x00000000e0000000,0x00000000e0000000,0x00000000e8200000)
  from space 11264K, 0% used [0x00000000e8200000,0x00000000e8200000,0x00000000e8d00000)
  to   space 15360K, 0% used [0x00000000eed00000,0x00000000eed00000,0x00000000efc00000)
 ParOldGen       total 93184K, used 22003K [0x00000000a0000000, 0x00000000a5b00000, 0x00000000e0000000)
  object space 93184K, 23% used [0x00000000a0000000,0x00000000a157cf28,0x00000000a5b00000)
 Metaspace       used 34364K, capacity 35278K, committed 35456K, reserved 1079296K
  class space    used 4609K, capacity 4880K, committed 4992K, reserved 1048576K
}
Event: 11.765 GC heap before
{Heap before GC invocations=10 (full 2):
 PSYoungGen      total 144384K, used 133120K [0x00000000e0000000, 0x00000000efc00000, 0x0000000100000000)
  eden space 133120K, 100% used [0x00000000e0000000,0x00000000e8200000,0x00000000e8200000)
  from space 11264K, 0% used [0x00000000e8200000,0x00000000e8200000,0x00000000e8d00000)
  to   space 15360K, 0% used [0x00000000eed00000,0x00000000eed00000,0x00000000efc00000)
 ParOldGen       total 93184K, used 22003K [0x00000000a0000000, 0x00000000a5b00000, 0x00000000e0000000)
  object space 93184K, 23% used [0x00000000a0000000,0x00000000a157cf28,0x00000000a5b00000)
 Metaspace       used 40350K, capacity 41808K, committed 41984K, reserved 1085440K
  class space    used 5540K, capacity 5883K, committed 5888K, reserved 1048576K
Event: 11.786 GC heap after
Heap after GC invocations=10 (full 2):
 PSYoungGen      total 206336K, used 10992K [0x00000000e0000000, 0x00000000ef800000, 0x0000000100000000)
  eden space 195072K, 0% used [0x00000000e0000000,0x00000000e0000000,0x00000000ebe80000)
  from space 11264K, 97% used [0x00000000eed00000,0x00000000ef7bc0f0,0x00000000ef800000)
  to   space 15872K, 0% used [0x00000000ed900000,0x00000000ed900000,0x00000000ee880000)
 ParOldGen       total 93184K, used 22011K [0x00000000a0000000, 0x00000000a5b00000, 0x00000000e0000000)
  object space 93184K, 23% used [0x00000000a0000000,0x00000000a157ef28,0x00000000a5b00000)
 Metaspace       used 40350K, capacity 41808K, committed 41984K, reserved 1085440K
  class space    used 5540K, capacity 5883K, committed 5888K, reserved 1048576K
}
Event: 16.397 GC heap before
{Heap before GC invocations=11 (full 2):
 PSYoungGen      total 206336K, used 206064K [0x00000000e0000000, 0x00000000ef800000, 0x0000000100000000)
  eden space 195072K, 100% used [0x00000000e0000000,0x00000000ebe80000,0x00000000ebe80000)
  from space 11264K, 97% used [0x00000000eed00000,0x00000000ef7bc0f0,0x00000000ef800000)
  to   space 15872K, 0% used [0x00000000ed900000,0x00000000ed900000,0x00000000ee880000)
 ParOldGen       total 93184K, used 22011K [0x00000000a0000000, 0x00000000a5b00000, 0x00000000e0000000)
  object space 93184K, 23% used [0x00000000a0000000,0x00000000a157ef28,0x00000000a5b00000)
 Metaspace       used 55864K, capacity 57936K, committed 58240K, reserved 1099776K
  class space    used 7543K, capacity 7998K, committed 8064K, reserved 1048576K
Event: 16.457 GC heap after
Heap after GC invocations=11 (full 2):
 PSYoungGen      total 238080K, used 15864K [0x00000000e0000000, 0x00000000f1e00000, 0x0000000100000000)
  eden space 222208K, 0% used [0x00000000e0000000,0x00000000e0000000,0x00000000ed900000)
  from space 15872K, 99% used [0x00000000ed900000,0x00000000ee87e258,0x00000000ee880000)
  to   space 22016K, 0% used [0x00000000f0880000,0x00000000f0880000,0x00000000f1e00000)
 ParOldGen       total 93184K, used 31847K [0x00000000a0000000, 0x00000000a5b00000, 0x00000000e0000000)
  object space 93184K, 34% used [0x00000000a0000000,0x00000000a1f19cf0,0x00000000a5b00000)
 Metaspace       used 55864K, capacity 57936K, committed 58240K, reserved 1099776K
  class space    used 7543K, capacity 7998K, committed 8064K, reserved 1048576K
}
Event: 17.020 GC heap before
{Heap before GC invocations=12 (full 2):
 PSYoungGen      total 238080K, used 39951K [0x00000000e0000000, 0x00000000f1e00000, 0x0000000100000000)
  eden space 222208K, 10% used [0x00000000e0000000,0x00000000e1785a60,0x00000000ed900000)
  from space 15872K, 99% used [0x00000000ed900000,0x00000000ee87e258,0x00000000ee880000)
  to   space 22016K, 0% used [0x00000000f0880000,0x00000000f0880000,0x00000000f1e00000)
 ParOldGen       total 93184K, used 31847K [0x00000000a0000000, 0x00000000a5b00000, 0x00000000e0000000)
  object space 93184K, 34% used [0x00000000a0000000,0x00000000a1f19cf0,0x00000000a5b00000)
 Metaspace       used 56937K, capacity 58984K, committed 59096K, reserved 1099776K
  class space    used 7688K, capacity 8170K, committed 8192K, reserved 1048576K
Event: 17.069 GC heap after
Heap after GC invocations=12 (full 2):
 PSYoungGen      total 244224K, used 16726K [0x00000000e0000000, 0x00000000f1e00000, 0x0000000100000000)
  eden space 222208K, 0% used [0x00000000e0000000,0x00000000e0000000,0x00000000ed900000)
  from space 22016K, 75% used [0x00000000f0880000,0x00000000f18d5820,0x00000000f1e00000)
  to   space 15872K, 0% used [0x00000000ed900000,0x00000000ed900000,0x00000000ee880000)
 ParOldGen       total 93184K, used 31855K [0x00000000a0000000, 0x00000000a5b00000, 0x00000000e0000000)
  object space 93184K, 34% used [0x00000000a0000000,0x00000000a1f1bcf0,0x00000000a5b00000)
 Metaspace       used 56937K, capacity 58984K, committed 59096K, reserved 1099776K
  class space    used 7688K, capacity 8170K, committed 8192K, reserved 1048576K
}
Event: 17.069 GC heap before
{Heap before GC invocations=13 (full 3):
 PSYoungGen      total 244224K, used 16726K [0x00000000e0000000, 0x00000000f1e00000, 0x0000000100000000)
  eden space 222208K, 0% used [0x00000000e0000000,0x00000000e0000000,0x00000000ed900000)
  from space 22016K, 75% used [0x00000000f0880000,0x00000000f18d5820,0x00000000f1e00000)
  to   space 15872K, 0% used [0x00000000ed900000,0x00000000ed900000,0x00000000ee880000)
 ParOldGen       total 93184K, used 31855K [0x00000000a0000000, 0x00000000a5b00000, 0x00000000e0000000)
  object space 93184K, 34% used [0x00000000a0000000,0x00000000a1f1bcf0,0x00000000a5b00000)
 Metaspace       used 56937K, capacity 58984K, committed 59096K, reserved 1099776K
  class space    used 7688K, capacity 8170K, committed 8192K, reserved 1048576K

