# JRE version: Java(TM) SE Runtime Environment (8.0_241-b07) (build 1.8.0_241-b07)
# Java VM: Java HotSpot(TM) 64-Bit Server VM (25.241-b07 mixed mode windows-amd64 compressed oops)
Heap:
 PSYoungGen      total 141824K, used 58695K [0x00000000e0000000, 0x00000000e9500000, 0x0000000100000000)
  eden space 131072K, 38% used [0x00000000e0000000,0x00000000e30b4238,0x00000000e8000000)
  from space 10752K, 82% used [0x00000000e8a80000,0x00000000e931dab8,0x00000000e9500000)
  to   space 10752K, 0% used [0x00000000e8000000,0x00000000e8000000,0x00000000e8a80000)
 ParOldGen       total 175104K, used 24K [0x00000000a0000000, 0x00000000aab00000, 0x00000000e0000000)
  object space 175104K, 0% used [0x00000000a0000000,0x00000000a0006000,0x00000000aab00000)
 Metaspace       used 18074K, capacity 18592K, committed 18944K, reserved 1064960K
  class space    used 2544K, capacity 2736K, committed 2816K, reserved 1048576K
GC Heap History (4 events):
Event: 2.763 GC heap before
{Heap before GC invocations=1 (full 0):
 PSYoungGen      total 76288K, used 65536K [0x00000000e0000000, 0x00000000e5500000, 0x0000000100000000)
  eden space 65536K, 100% used [0x00000000e0000000,0x00000000e4000000,0x00000000e4000000)
  from space 10752K, 0% used [0x00000000e4a80000,0x00000000e4a80000,0x00000000e5500000)
  to   space 10752K, 0% used [0x00000000e4000000,0x00000000e4000000,0x00000000e4a80000)
 ParOldGen       total 175104K, used 0K [0x00000000a0000000, 0x00000000aab00000, 0x00000000e0000000)
  object space 175104K, 0% used [0x00000000a0000000,0x00000000a0000000,0x00000000aab00000)
 Metaspace       used 7331K, capacity 7486K, committed 7680K, reserved 1056768K
  class space    used 921K, capacity 1005K, committed 1024K, reserved 1048576K
Event: 2.821 GC heap after
Heap after GC invocations=1 (full 0):
 PSYoungGen      total 76288K, used 5652K [0x00000000e0000000, 0x00000000e9500000, 0x0000000100000000)
  eden space 65536K, 0% used [0x00000000e0000000,0x00000000e0000000,0x00000000e4000000)
  from space 10752K, 52% used [0x00000000e4000000,0x00000000e4585080,0x00000000e4a80000)
  to   space 10752K, 0% used [0x00000000e8a80000,0x00000000e8a80000,0x00000000e9500000)
 ParOldGen       total 175104K, used 8K [0x00000000a0000000, 0x00000000aab00000, 0x00000000e0000000)
  object space 175104K, 0% used [0x00000000a0000000,0x00000000a0002000,0x00000000aab00000)
 Metaspace       used 7331K, capacity 7486K, committed 7680K, reserved 1056768K
  class space    used 921K, capacity 1005K, committed 1024K, reserved 1048576K
}
Event: 4.989 GC heap before
{Heap before GC invocations=2 (full 0):
 PSYoungGen      total 76288K, used 71188K [0x00000000e0000000, 0x00000000e9500000, 0x0000000100000000)
  eden space 65536K, 100% used [0x00000000e0000000,0x00000000e4000000,0x00000000e4000000)
  from space 10752K, 52% used [0x00000000e4000000,0x00000000e4585080,0x00000000e4a80000)
  to   space 10752K, 0% used [0x00000000e8a80000,0x00000000e8a80000,0x00000000e9500000)
 ParOldGen       total 175104K, used 8K [0x00000000a0000000, 0x00000000aab00000, 0x00000000e0000000)
  object space 175104K, 0% used [0x00000000a0000000,0x00000000a0002000,0x00000000aab00000)
 Metaspace       used 13928K, capacity 14366K, committed 14464K, reserved 1060864K
  class space    used 1971K, capacity 2117K, committed 2176K, reserved 1048576K
Event: 5.006 GC heap after
Heap after GC invocations=2 (full 0):
 PSYoungGen      total 141824K, used 8822K [0x00000000e0000000, 0x00000000e9500000, 0x0000000100000000)
  eden space 131072K, 0% used [0x00000000e0000000,0x00000000e0000000,0x00000000e8000000)
  from space 10752K, 82% used [0x00000000e8a80000,0x00000000e931dab8,0x00000000e9500000)
  to   space 10752K, 0% used [0x00000000e8000000,0x00000000e8000000,0x00000000e8a80000)
 ParOldGen       total 175104K, used 24K [0x00000000a0000000, 0x00000000aab00000, 0x00000000e0000000)
  object space 175104K, 0% used [0x00000000a0000000,0x00000000a0006000,0x00000000aab00000)
 Metaspace       used 13928K, capacity 14366K, committed 14464K, reserved 1060864K
  class space    used 1971K, capacity 2117K, committed 2176K, reserved 1048576K
}

