# JRE version: Java(TM) SE Runtime Environment (13.0.2+8) (build 13.0.2+8)
# Java VM: Java HotSpot(TM) 64-Bit Server VM (13.0.2+8, mixed mode, sharing, tiered, compressed oops, g1 gc, windows-amd64)
Heap:
 garbage-first heap   total 566272K, used 278310K [0x00000000a0000000, 0x0000000100000000)
  region size 1024K, 8 young (8192K), 8 survivors (8192K)
 Metaspace       used 106084K, capacity 109393K, committed 109644K, reserved 1144832K
  class space    used 13485K, capacity 14629K, committed 14668K, reserved 1048576K
GC Heap History (20 events):
Event: 148.761 GC heap after
{Heap after GC invocations=69 (full 0):
 garbage-first heap   total 302080K, used 162429K [0x00000000a0000000, 0x0000000100000000)
  region size 1024K, 10 young (10240K), 10 survivors (10240K)
 Metaspace       used 104252K, capacity 107412K, committed 108108K, reserved 1142784K
  class space    used 13258K, capacity 14359K, committed 14412K, reserved 1048576K
}
Event: 149.066 GC heap before
{Heap before GC invocations=70 (full 0):
 garbage-first heap   total 336896K, used 234109K [0x00000000a0000000, 0x0000000100000000)
  region size 1024K, 81 young (82944K), 10 survivors (10240K)
 Metaspace       used 104252K, capacity 107412K, committed 108108K, reserved 1142784K
  class space    used 13258K, capacity 14359K, committed 14412K, reserved 1048576K
}
Event: 149.073 GC heap after
{Heap after GC invocations=71 (full 0):
 garbage-first heap   total 336896K, used 173814K [0x00000000a0000000, 0x0000000100000000)
  region size 1024K, 11 young (11264K), 11 survivors (11264K)
 Metaspace       used 104252K, capacity 107412K, committed 108108K, reserved 1142784K
  class space    used 13258K, capacity 14359K, committed 14412K, reserved 1048576K
}
Event: 149.090 GC heap before
{Heap before GC invocations=71 (full 0):
 garbage-first heap   total 336896K, used 178934K [0x00000000a0000000, 0x0000000100000000)
  region size 1024K, 16 young (16384K), 11 survivors (11264K)
 Metaspace       used 104252K, capacity 107412K, committed 108108K, reserved 1142784K
  class space    used 13258K, capacity 14359K, committed 14412K, reserved 1048576K
}
Event: 149.119 GC heap after
{Heap after GC invocations=72 (full 0):
 garbage-first heap   total 336896K, used 158950K [0x00000000a0000000, 0x0000000100000000)
  region size 1024K, 2 young (2048K), 2 survivors (2048K)
 Metaspace       used 104252K, capacity 107412K, committed 108108K, reserved 1142784K
  class space    used 13258K, capacity 14359K, committed 14412K, reserved 1048576K
}
Event: 149.329 GC heap before
{Heap before GC invocations=72 (full 0):
 garbage-first heap   total 336896K, used 245990K [0x00000000a0000000, 0x0000000100000000)
  region size 1024K, 85 young (87040K), 2 survivors (2048K)
 Metaspace       used 104253K, capacity 107412K, committed 108108K, reserved 1142784K
  class space    used 13259K, capacity 14359K, committed 14412K, reserved 1048576K
}
Event: 149.337 GC heap after
{Heap after GC invocations=73 (full 0):
 garbage-first heap   total 336896K, used 175104K [0x00000000a0000000, 0x0000000100000000)
  region size 1024K, 11 young (11264K), 11 survivors (11264K)
 Metaspace       used 104253K, capacity 107412K, committed 108108K, reserved 1142784K
  class space    used 13259K, capacity 14359K, committed 14412K, reserved 1048576K
}
Event: 150.049 GC heap before
{Heap before GC invocations=74 (full 0):
 garbage-first heap   total 336896K, used 258048K [0x00000000a0000000, 0x0000000100000000)
  region size 1024K, 90 young (92160K), 11 survivors (11264K)
 Metaspace       used 106035K, capacity 109295K, committed 109388K, reserved 1144832K
  class space    used 13490K, capacity 14645K, committed 14668K, reserved 1048576K
}
Event: 150.065 GC heap after
{Heap after GC invocations=75 (full 0):
 garbage-first heap   total 336896K, used 195791K [0x00000000a0000000, 0x0000000100000000)
  region size 1024K, 12 young (12288K), 12 survivors (12288K)
 Metaspace       used 106035K, capacity 109295K, committed 109388K, reserved 1144832K
  class space    used 13490K, capacity 14645K, committed 14668K, reserved 1048576K
}
Event: 150.181 GC heap before
{Heap before GC invocations=75 (full 0):
 garbage-first heap   total 336896K, used 265423K [0x00000000a0000000, 0x0000000100000000)
  region size 1024K, 81 young (82944K), 12 survivors (12288K)
 Metaspace       used 106088K, capacity 109366K, committed 109388K, reserved 1144832K
  class space    used 13494K, capacity 14646K, committed 14668K, reserved 1048576K
}
Event: 150.200 GC heap after
{Heap after GC invocations=76 (full 0):
 garbage-first heap   total 336896K, used 212969K [0x00000000a0000000, 0x0000000100000000)
  region size 1024K, 11 young (11264K), 11 survivors (11264K)
 Metaspace       used 106088K, capacity 109366K, committed 109388K, reserved 1144832K
  class space    used 13494K, capacity 14646K, committed 14668K, reserved 1048576K
}
Event: 150.373 GC heap before
{Heap before GC invocations=76 (full 0):
 garbage-first heap   total 336896K, used 272361K [0x00000000a0000000, 0x0000000100000000)
  region size 1024K, 70 young (71680K), 11 survivors (11264K)
 Metaspace       used 106103K, capacity 109434K, committed 109644K, reserved 1144832K
  class space    used 13494K, capacity 14646K, committed 14668K, reserved 1048576K
}
Event: 150.396 GC heap after
{Heap after GC invocations=77 (full 0):
 garbage-first heap   total 336896K, used 228352K [0x00000000a0000000, 0x0000000100000000)
  region size 1024K, 9 young (9216K), 9 survivors (9216K)
 Metaspace       used 106103K, capacity 109434K, committed 109644K, reserved 1144832K
  class space    used 13494K, capacity 14646K, committed 14668K, reserved 1048576K
}
Event: 150.532 GC heap before
{Heap before GC invocations=78 (full 0):
 garbage-first heap   total 389120K, used 276480K [0x00000000a0000000, 0x0000000100000000)
  region size 1024K, 57 young (58368K), 9 survivors (9216K)
 Metaspace       used 106115K, capacity 109444K, committed 109644K, reserved 1144832K
  class space    used 13496K, capacity 14649K, committed 14668K, reserved 1048576K
}
Event: 150.557 GC heap after
{Heap after GC invocations=79 (full 0):
 garbage-first heap   total 389120K, used 241038K [0x00000000a0000000, 0x0000000100000000)
  region size 1024K, 8 young (8192K), 8 survivors (8192K)
 Metaspace       used 106115K, capacity 109444K, committed 109644K, reserved 1144832K
  class space    used 13496K, capacity 14649K, committed 14668K, reserved 1048576K
}
Event: 150.593 GC heap before
{Heap before GC invocations=79 (full 0):
 garbage-first heap   total 389120K, used 260494K [0x00000000a0000000, 0x0000000100000000)
  region size 1024K, 29 young (29696K), 8 survivors (8192K)
 Metaspace       used 106115K, capacity 109444K, committed 109644K, reserved 1144832K
  class space    used 13496K, capacity 14649K, committed 14668K, reserved 1048576K
}
Event: 150.612 GC heap after
{Heap after GC invocations=80 (full 0):
 garbage-first heap   total 389120K, used 247182K [0x00000000a0000000, 0x0000000100000000)
  region size 1024K, 6 young (6144K), 6 survivors (6144K)
 Metaspace       used 106115K, capacity 109444K, committed 109644K, reserved 1144832K
  class space    used 13496K, capacity 14649K, committed 14668K, reserved 1048576K
}
Event: 150.800 GC heap before
{Heap before GC invocations=80 (full 0):
 garbage-first heap   total 389120K, used 308622K [0x00000000a0000000, 0x0000000100000000)
  region size 1024K, 66 young (67584K), 6 survivors (6144K)
 Metaspace       used 106115K, capacity 109444K, committed 109644K, reserved 1144832K
  class space    used 13496K, capacity 14649K, committed 14668K, reserved 1048576K
}
Event: 150.823 GC heap after
{Heap after GC invocations=81 (full 0):
 garbage-first heap   total 389120K, used 263860K [0x00000000a0000000, 0x0000000100000000)
  region size 1024K, 9 young (9216K), 9 survivors (9216K)
 Metaspace       used 106115K, capacity 109444K, committed 109644K, reserved 1144832K
  class space    used 13496K, capacity 14649K, committed 14668K, reserved 1048576K
}
Event: 151.054 GC heap before
{Heap before GC invocations=82 (full 0):
 garbage-first heap   total 444416K, used 316084K [0x00000000a0000000, 0x0000000100000000)
  region size 1024K, 58 young (59392K), 9 survivors (9216K)
 Metaspace       used 106084K, capacity 109393K, committed 109644K, reserved 1144832K
  class space    used 13485K, capacity 14629K, committed 14668K, reserved 1048576K
}

