# JRE version: Java(TM) SE Runtime Environment (8.0_251-b08) (build 1.8.0_251-b08)
# Java VM: Java HotSpot(TM) 64-Bit Server VM (25.251-b08 mixed mode windows-amd64 compressed oops)
Heap:
 PSYoungGen      total 224256K, used 223790K [0x00000000e0000000, 0x00000000fb580000, 0x0000000100000000)
  eden space 182784K, 99% used [0x00000000e0000000,0x00000000eb257b50,0x00000000eb280000)
  from space 41472K, 99% used [0x00000000eb280000,0x00000000edab3d30,0x00000000edb00000)
  to   space 131072K, 8% used [0x00000000f3580000,0x00000000f40b40a0,0x00000000fb580000)
 ParOldGen       total 1048576K, used 738206K [0x00000000a0000000, 0x00000000e0000000, 0x00000000e0000000)
  object space 1048576K, 70% used [0x00000000a0000000,0x00000000cd0e7ad8,0x00000000e0000000)
 Metaspace       used 133328K, capacity 141922K, committed 142424K, reserved 1173504K
  class space    used 16815K, capacity 18243K, committed 18520K, reserved 1048576K
GC Heap History (10 events):
Event: 8214.166 GC heap after
Heap after GC invocations=982 (full 841):
 PSYoungGen      total 279552K, used 88034K [0x00000000e0000000, 0x00000000f8f00000, 0x0000000100000000)
  eden space 191488K, 0% used [0x00000000e0000000,0x00000000e0000000,0x00000000ebb00000)
  from space 88064K, 99% used [0x00000000ebb00000,0x00000000f10f8aa8,0x00000000f1100000)
  to   space 107520K, 0% used [0x00000000f2600000,0x00000000f2600000,0x00000000f8f00000)
 ParOldGen       total 1048576K, used 737269K [0x00000000a0000000, 0x00000000e0000000, 0x00000000e0000000)
  object space 1048576K, 70% used [0x00000000a0000000,0x00000000ccffd738,0x00000000e0000000)
 Metaspace       used 131550K, capacity 139868K, committed 140120K, reserved 1171456K
  class space    used 16613K, capacity 18014K, committed 18264K, reserved 1048576K
}
Event: 8216.668 GC heap before
{Heap before GC invocations=983 (full 841):
 PSYoungGen      total 279552K, used 279522K [0x00000000e0000000, 0x00000000f8f00000, 0x0000000100000000)
  eden space 191488K, 100% used [0x00000000e0000000,0x00000000ebb00000,0x00000000ebb00000)
  from space 88064K, 99% used [0x00000000ebb00000,0x00000000f10f8aa8,0x00000000f1100000)
  to   space 107520K, 0% used [0x00000000f2600000,0x00000000f2600000,0x00000000f8f00000)
 ParOldGen       total 1048576K, used 737269K [0x00000000a0000000, 0x00000000e0000000, 0x00000000e0000000)
  object space 1048576K, 70% used [0x00000000a0000000,0x00000000ccffd738,0x00000000e0000000)
 Metaspace       used 132255K, capacity 140640K, committed 141016K, reserved 1171456K
  class space    used 16679K, capacity 18104K, committed 18392K, reserved 1048576K
Event: 8216.733 GC heap after
Heap after GC invocations=983 (full 841):
 PSYoungGen      total 301056K, used 61203K [0x00000000e0000000, 0x00000000f8f00000, 0x0000000100000000)
  eden space 193536K, 0% used [0x00000000e0000000,0x00000000e0000000,0x00000000ebd00000)
  from space 107520K, 56% used [0x00000000f2600000,0x00000000f61c4f98,0x00000000f8f00000)
  to   space 107520K, 0% used [0x00000000ebd00000,0x00000000ebd00000,0x00000000f2600000)
 ParOldGen       total 1048576K, used 737349K [0x00000000a0000000, 0x00000000e0000000, 0x00000000e0000000)
  object space 1048576K, 70% used [0x00000000a0000000,0x00000000cd011738,0x00000000e0000000)
 Metaspace       used 132255K, capacity 140640K, committed 141016K, reserved 1171456K
  class space    used 16679K, capacity 18104K, committed 18392K, reserved 1048576K
}
Event: 8218.825 GC heap before
{Heap before GC invocations=984 (full 841):
 PSYoungGen      total 301056K, used 254739K [0x00000000e0000000, 0x00000000f8f00000, 0x0000000100000000)
  eden space 193536K, 100% used [0x00000000e0000000,0x00000000ebd00000,0x00000000ebd00000)
  from space 107520K, 56% used [0x00000000f2600000,0x00000000f61c4f98,0x00000000f8f00000)
  to   space 107520K, 0% used [0x00000000ebd00000,0x00000000ebd00000,0x00000000f2600000)
 ParOldGen       total 1048576K, used 737349K [0x00000000a0000000, 0x00000000e0000000, 0x00000000e0000000)
  object space 1048576K, 70% used [0x00000000a0000000,0x00000000cd011738,0x00000000e0000000)
 Metaspace       used 132522K, capacity 140960K, committed 141272K, reserved 1171456K
  class space    used 16713K, capacity 18138K, committed 18392K, reserved 1048576K
Event: 8219.002 GC heap after
Heap after GC invocations=984 (full 841):
 PSYoungGen      total 301056K, used 104895K [0x00000000e0000000, 0x00000000fb000000, 0x0000000100000000)
  eden space 193536K, 0% used [0x00000000e0000000,0x00000000e0000000,0x00000000ebd00000)
  from space 107520K, 97% used [0x00000000ebd00000,0x00000000f236fdd8,0x00000000f2600000)
  to   space 123392K, 0% used [0x00000000f3780000,0x00000000f3780000,0x00000000fb000000)
 ParOldGen       total 1048576K, used 737357K [0x00000000a0000000, 0x00000000e0000000, 0x00000000e0000000)
  object space 1048576K, 70% used [0x00000000a0000000,0x00000000cd013738,0x00000000e0000000)
 Metaspace       used 132522K, capacity 140960K, committed 141272K, reserved 1171456K
  class space    used 16713K, capacity 18138K, committed 18392K, reserved 1048576K
}
Event: 8219.565 GC heap before
{Heap before GC invocations=985 (full 841):
 PSYoungGen      total 301056K, used 298431K [0x00000000e0000000, 0x00000000fb000000, 0x0000000100000000)
  eden space 193536K, 100% used [0x00000000e0000000,0x00000000ebd00000,0x00000000ebd00000)
  from space 107520K, 97% used [0x00000000ebd00000,0x00000000f236fdd8,0x00000000f2600000)
  to   space 123392K, 0% used [0x00000000f3780000,0x00000000f3780000,0x00000000fb000000)
 ParOldGen       total 1048576K, used 737357K [0x00000000a0000000, 0x00000000e0000000, 0x00000000e0000000)
  object space 1048576K, 70% used [0x00000000a0000000,0x00000000cd013738,0x00000000e0000000)
 Metaspace       used 132523K, capacity 140960K, committed 141272K, reserved 1171456K
  class space    used 16713K, capacity 18138K, committed 18392K, reserved 1048576K
Event: 8219.691 GC heap after
Heap after GC invocations=985 (full 841):
 PSYoungGen      total 306176K, used 105133K [0x00000000e0000000, 0x00000000fca80000, 0x0000000100000000)
  eden space 182784K, 0% used [0x00000000e0000000,0x00000000e0000000,0x00000000eb280000)
  from space 123392K, 85% used [0x00000000f3780000,0x00000000f9e2b780,0x00000000fb000000)
  to   space 136192K, 0% used [0x00000000eb280000,0x00000000eb280000,0x00000000f3780000)
 ParOldGen       total 1048576K, used 737365K [0x00000000a0000000, 0x00000000e0000000, 0x00000000e0000000)
  object space 1048576K, 70% used [0x00000000a0000000,0x00000000cd015738,0x00000000e0000000)
 Metaspace       used 132523K, capacity 140960K, committed 141272K, reserved 1171456K
  class space    used 16713K, capacity 18138K, committed 18392K, reserved 1048576K
}
Event: 8220.745 GC heap before
{Heap before GC invocations=986 (full 841):
 PSYoungGen      total 306176K, used 287917K [0x00000000e0000000, 0x00000000fca80000, 0x0000000100000000)
  eden space 182784K, 100% used [0x00000000e0000000,0x00000000eb280000,0x00000000eb280000)
  from space 123392K, 85% used [0x00000000f3780000,0x00000000f9e2b780,0x00000000fb000000)
  to   space 136192K, 0% used [0x00000000eb280000,0x00000000eb280000,0x00000000f3780000)
 ParOldGen       total 1048576K, used 737365K [0x00000000a0000000, 0x00000000e0000000, 0x00000000e0000000)
  object space 1048576K, 70% used [0x00000000a0000000,0x00000000cd015738,0x00000000e0000000)
 Metaspace       used 132602K, capacity 140960K, committed 141272K, reserved 1171456K
  class space    used 16718K, capacity 18138K, committed 18392K, reserved 1048576K
Event: 8220.787 GC heap after
Heap after GC invocations=986 (full 841):
 PSYoungGen      total 224256K, used 41167K [0x00000000e0000000, 0x00000000fb580000, 0x0000000100000000)
  eden space 182784K, 0% used [0x00000000e0000000,0x00000000e0000000,0x00000000eb280000)
  from space 41472K, 99% used [0x00000000eb280000,0x00000000edab3d30,0x00000000edb00000)
  to   space 131072K, 0% used [0x00000000f3580000,0x00000000f3580000,0x00000000fb580000)
 ParOldGen       total 1048576K, used 737373K [0x00000000a0000000, 0x00000000e0000000, 0x00000000e0000000)
  object space 1048576K, 70% used [0x00000000a0000000,0x00000000cd017738,0x00000000e0000000)
 Metaspace       used 132602K, capacity 140960K, committed 141272K, reserved 1171456K
  class space    used 16718K, capacity 18138K, committed 18392K, reserved 1048576K
}
Event: 8223.163 GC heap before
{Heap before GC invocations=987 (full 841):
 PSYoungGen      total 224256K, used 223790K [0x00000000e0000000, 0x00000000fb580000, 0x0000000100000000)
  eden space 182784K, 99% used [0x00000000e0000000,0x00000000eb257b50,0x00000000eb280000)
  from space 41472K, 99% used [0x00000000eb280000,0x00000000edab3d30,0x00000000edb00000)
  to   space 131072K, 0% used [0x00000000f3580000,0x00000000f3580000,0x00000000fb580000)
 ParOldGen       total 1048576K, used 738206K [0x00000000a0000000, 0x00000000e0000000, 0x00000000e0000000)
  object space 1048576K, 70% used [0x00000000a0000000,0x00000000cd0e7ad8,0x00000000e0000000)
 Metaspace       used 133328K, capacity 141922K, committed 142424K, reserved 1173504K
  class space    used 16815K, capacity 18243K, committed 18520K, reserved 1048576K

