# JRE version: Java(TM) SE Runtime Environment (8.0_251-b08) (build 1.8.0_251-b08)
# Java VM: Java HotSpot(TM) 64-Bit Server VM (25.251-b08 mixed mode windows-amd64 compressed oops)
Heap:
 PSYoungGen      total 429056K, used 131033K [0x00000000e0000000, 0x0000000100000000, 0x0000000100000000)
  eden space 370688K, 29% used [0x00000000e0000000,0x00000000e6c79368,0x00000000f6a00000)
  from space 58368K, 34% used [0x00000000fc700000,0x00000000fda7d460,0x0000000100000000)
  to   space 76800K, 0% used [0x00000000f6a00000,0x00000000f6a00000,0x00000000fb500000)
 ParOldGen       total 289792K, used 137776K [0x00000000a0000000, 0x00000000b1b00000, 0x00000000e0000000)
  object space 289792K, 47% used [0x00000000a0000000,0x00000000a868c120,0x00000000b1b00000)
 Metaspace       used 84111K, capacity 87225K, committed 87552K, reserved 1126400K
  class space    used 10837K, capacity 11453K, committed 11520K, reserved 1048576K
GC Heap History (10 events):
Event: 155.313 GC heap before
{Heap before GC invocations=46 (full 3):
 PSYoungGen      total 465920K, used 447717K [0x00000000e0000000, 0x0000000100000000, 0x0000000100000000)
  eden space 411648K, 100% used [0x00000000e0000000,0x00000000f9200000,0x00000000f9200000)
  from space 54272K, 66% used [0x00000000fcb00000,0x00000000fee39488,0x0000000100000000)
  to   space 56320K, 0% used [0x00000000f9200000,0x00000000f9200000,0x00000000fc900000)
 ParOldGen       total 138752K, used 60619K [0x00000000a0000000, 0x00000000a8780000, 0x00000000e0000000)
  object space 138752K, 43% used [0x00000000a0000000,0x00000000a3b32d68,0x00000000a8780000)
 Metaspace       used 84071K, capacity 87275K, committed 87552K, reserved 1126400K
  class space    used 10837K, capacity 11462K, committed 11520K, reserved 1048576K
Event: 155.328 GC heap after
Heap after GC invocations=46 (full 3):
 PSYoungGen      total 449024K, used 37148K [0x00000000e0000000, 0x0000000100000000, 0x0000000100000000)
  eden space 411648K, 0% used [0x00000000e0000000,0x00000000e0000000,0x00000000f9200000)
  from space 37376K, 99% used [0x00000000f9200000,0x00000000fb647018,0x00000000fb680000)
  to   space 58368K, 0% used [0x00000000fc700000,0x00000000fc700000,0x0000000100000000)
 ParOldGen       total 138752K, used 60691K [0x00000000a0000000, 0x00000000a8780000, 0x00000000e0000000)
  object space 138752K, 43% used [0x00000000a0000000,0x00000000a3b44d78,0x00000000a8780000)
 Metaspace       used 84071K, capacity 87275K, committed 87552K, reserved 1126400K
  class space    used 10837K, capacity 11462K, committed 11520K, reserved 1048576K
}
Event: 161.076 GC heap before
{Heap before GC invocations=47 (full 3):
 PSYoungGen      total 449024K, used 448749K [0x00000000e0000000, 0x0000000100000000, 0x0000000100000000)
  eden space 411648K, 99% used [0x00000000e0000000,0x00000000f91f46b0,0x00000000f9200000)
  from space 37376K, 99% used [0x00000000f9200000,0x00000000fb647018,0x00000000fb680000)
  to   space 58368K, 0% used [0x00000000fc700000,0x00000000fc700000,0x0000000100000000)
 ParOldGen       total 138752K, used 60691K [0x00000000a0000000, 0x00000000a8780000, 0x00000000e0000000)
  object space 138752K, 43% used [0x00000000a0000000,0x00000000a3b44d78,0x00000000a8780000)
 Metaspace       used 84124K, capacity 87311K, committed 87552K, reserved 1126400K
  class space    used 10845K, capacity 11468K, committed 11520K, reserved 1048576K
Event: 161.094 GC heap after
Heap after GC invocations=47 (full 3):
 PSYoungGen      total 468992K, used 25771K [0x00000000e0000000, 0x0000000100000000, 0x0000000100000000)
  eden space 410624K, 0% used [0x00000000e0000000,0x00000000e0000000,0x00000000f9100000)
  from space 58368K, 44% used [0x00000000fc700000,0x00000000fe02afb0,0x0000000100000000)
  to   space 55296K, 0% used [0x00000000f9100000,0x00000000f9100000,0x00000000fc700000)
 ParOldGen       total 138752K, used 82708K [0x00000000a0000000, 0x00000000a8780000, 0x00000000e0000000)
  object space 138752K, 59% used [0x00000000a0000000,0x00000000a50c5188,0x00000000a8780000)
 Metaspace       used 84124K, capacity 87311K, committed 87552K, reserved 1126400K
  class space    used 10845K, capacity 11468K, committed 11520K, reserved 1048576K
}
Event: 161.839 GC heap before
{Heap before GC invocations=48 (full 3):
 PSYoungGen      total 468992K, used 436395K [0x00000000e0000000, 0x0000000100000000, 0x0000000100000000)
  eden space 410624K, 100% used [0x00000000e0000000,0x00000000f9100000,0x00000000f9100000)
  from space 58368K, 44% used [0x00000000fc700000,0x00000000fe02afb0,0x0000000100000000)
  to   space 55296K, 0% used [0x00000000f9100000,0x00000000f9100000,0x00000000fc700000)
 ParOldGen       total 138752K, used 82708K [0x00000000a0000000, 0x00000000a8780000, 0x00000000e0000000)
  object space 138752K, 59% used [0x00000000a0000000,0x00000000a50c5188,0x00000000a8780000)
 Metaspace       used 84124K, capacity 87311K, committed 87552K, reserved 1126400K
  class space    used 10845K, capacity 11468K, committed 11520K, reserved 1048576K
Event: 161.863 GC heap after
Heap after GC invocations=48 (full 3):
 PSYoungGen      total 465920K, used 55292K [0x00000000e0000000, 0x0000000100000000, 0x0000000100000000)
  eden space 410624K, 0% used [0x00000000e0000000,0x00000000e0000000,0x00000000f9100000)
  from space 55296K, 99% used [0x00000000f9100000,0x00000000fc6ff018,0x00000000fc700000)
  to   space 58368K, 0% used [0x00000000fc700000,0x00000000fc700000,0x0000000100000000)
 ParOldGen       total 138752K, used 125744K [0x00000000a0000000, 0x00000000a8780000, 0x00000000e0000000)
  object space 138752K, 90% used [0x00000000a0000000,0x00000000a7acc310,0x00000000a8780000)
 Metaspace       used 84124K, capacity 87311K, committed 87552K, reserved 1126400K
  class space    used 10845K, capacity 11468K, committed 11520K, reserved 1048576K
}
Event: 161.863 GC heap before
{Heap before GC invocations=49 (full 4):
 PSYoungGen      total 465920K, used 55292K [0x00000000e0000000, 0x0000000100000000, 0x0000000100000000)
  eden space 410624K, 0% used [0x00000000e0000000,0x00000000e0000000,0x00000000f9100000)
  from space 55296K, 99% used [0x00000000f9100000,0x00000000fc6ff018,0x00000000fc700000)
  to   space 58368K, 0% used [0x00000000fc700000,0x00000000fc700000,0x0000000100000000)
 ParOldGen       total 138752K, used 125744K [0x00000000a0000000, 0x00000000a8780000, 0x00000000e0000000)
  object space 138752K, 90% used [0x00000000a0000000,0x00000000a7acc310,0x00000000a8780000)
 Metaspace       used 84124K, capacity 87311K, committed 87552K, reserved 1126400K
  class space    used 10845K, capacity 11468K, committed 11520K, reserved 1048576K
Event: 162.186 GC heap after
Heap after GC invocations=49 (full 4):
 PSYoungGen      total 465920K, used 12230K [0x00000000e0000000, 0x0000000100000000, 0x0000000100000000)
  eden space 410624K, 0% used [0x00000000e0000000,0x00000000e0000000,0x00000000f9100000)
  from space 55296K, 22% used [0x00000000f9100000,0x00000000f9cf1980,0x00000000fc700000)
  to   space 58368K, 0% used [0x00000000fc700000,0x00000000fc700000,0x0000000100000000)
 ParOldGen       total 289792K, used 137768K [0x00000000a0000000, 0x00000000b1b00000, 0x00000000e0000000)
  object space 289792K, 47% used [0x00000000a0000000,0x00000000a868a120,0x00000000b1b00000)
 Metaspace       used 84093K, capacity 87219K, committed 87552K, reserved 1126400K
  class space    used 10836K, capacity 11452K, committed 11520K, reserved 1048576K
}
Event: 162.516 GC heap before
{Heap before GC invocations=50 (full 4):
 PSYoungGen      total 465920K, used 422854K [0x00000000e0000000, 0x0000000100000000, 0x0000000100000000)
  eden space 410624K, 100% used [0x00000000e0000000,0x00000000f9100000,0x00000000f9100000)
  from space 55296K, 22% used [0x00000000f9100000,0x00000000f9cf1980,0x00000000fc700000)
  to   space 58368K, 0% used [0x00000000fc700000,0x00000000fc700000,0x0000000100000000)
 ParOldGen       total 289792K, used 137768K [0x00000000a0000000, 0x00000000b1b00000, 0x00000000e0000000)
  object space 289792K, 47% used [0x00000000a0000000,0x00000000a868a120,0x00000000b1b00000)
 Metaspace       used 84100K, capacity 87225K, committed 87552K, reserved 1126400K
  class space    used 10837K, capacity 11453K, committed 11520K, reserved 1048576K
Event: 162.526 GC heap after
Heap after GC invocations=50 (full 4):
 PSYoungGen      total 429056K, used 19957K [0x00000000e0000000, 0x0000000100000000, 0x0000000100000000)
  eden space 370688K, 0% used [0x00000000e0000000,0x00000000e0000000,0x00000000f6a00000)
  from space 58368K, 34% used [0x00000000fc700000,0x00000000fda7d460,0x0000000100000000)
  to   space 76800K, 0% used [0x00000000f6a00000,0x00000000f6a00000,0x00000000fb500000)
 ParOldGen       total 289792K, used 137776K [0x00000000a0000000, 0x00000000b1b00000, 0x00000000e0000000)
  object space 289792K, 47% used [0x00000000a0000000,0x00000000a868c120,0x00000000b1b00000)
 Metaspace       used 84100K, capacity 87225K, committed 87552K, reserved 1126400K
  class space    used 10837K, capacity 11453K, committed 11520K, reserved 1048576K
}

