# JRE version: Java(TM) SE Runtime Environment (13.0.2+8) (build 13.0.2+8)
# Java VM: Java HotSpot(TM) 64-Bit Server VM (13.0.2+8, mixed mode, sharing, tiered, compressed oops, g1 gc, windows-amd64)
Heap:
 garbage-first heap   total 680960K, used 260165K [0x00000000a0000000, 0x0000000100000000)
  region size 1024K, 10 young (10240K), 10 survivors (10240K)
 Metaspace       used 77066K, capacity 78991K, committed 79436K, reserved 1118208K
  class space    used 10231K, capacity 10907K, committed 11084K, reserved 1048576K
GC Heap History (20 events):
Event: 15.309 GC heap after
{Heap after GC invocations=43 (full 0):
 garbage-first heap   total 219136K, used 117522K [0x00000000a0000000, 0x0000000100000000)
  region size 1024K, 8 young (8192K), 8 survivors (8192K)
 Metaspace       used 73939K, capacity 75788K, committed 76492K, reserved 1116160K
  class space    used 9840K, capacity 10483K, committed 10700K, reserved 1048576K
}
Event: 15.582 GC heap before
{Heap before GC invocations=44 (full 0):
 garbage-first heap   total 249856K, used 151314K [0x00000000a0000000, 0x0000000100000000)
  region size 1024K, 40 young (40960K), 8 survivors (8192K)
 Metaspace       used 74060K, capacity 75903K, committed 76620K, reserved 1116160K
  class space    used 9862K, capacity 10520K, committed 10828K, reserved 1048576K
}
Event: 15.588 GC heap after
{Heap after GC invocations=45 (full 0):
 garbage-first heap   total 249856K, used 124875K [0x00000000a0000000, 0x0000000100000000)
  region size 1024K, 6 young (6144K), 6 survivors (6144K)
 Metaspace       used 74060K, capacity 75903K, committed 76620K, reserved 1116160K
  class space    used 9862K, capacity 10520K, committed 10828K, reserved 1048576K
}
Event: 15.953 GC heap before
{Heap before GC invocations=46 (full 0):
 garbage-first heap   total 249856K, used 180171K [0x00000000a0000000, 0x0000000100000000)
  region size 1024K, 58 young (59392K), 6 survivors (6144K)
 Metaspace       used 77000K, capacity 78910K, committed 79180K, reserved 1118208K
  class space    used 10239K, capacity 10929K, committed 11084K, reserved 1048576K
}
Event: 15.962 GC heap after
{Heap after GC invocations=47 (full 0):
 garbage-first heap   total 249856K, used 138867K [0x00000000a0000000, 0x0000000100000000)
  region size 1024K, 8 young (8192K), 8 survivors (8192K)
 Metaspace       used 77000K, capacity 78910K, committed 79180K, reserved 1118208K
  class space    used 10239K, capacity 10929K, committed 11084K, reserved 1048576K
}
Event: 16.060 GC heap before
{Heap before GC invocations=47 (full 0):
 garbage-first heap   total 249856K, used 186995K [0x00000000a0000000, 0x0000000100000000)
  region size 1024K, 56 young (57344K), 8 survivors (8192K)
 Metaspace       used 77045K, capacity 78982K, committed 79436K, reserved 1118208K
  class space    used 10241K, capacity 10931K, committed 11084K, reserved 1048576K
}
Event: 16.085 GC heap after
{Heap after GC invocations=48 (full 0):
 garbage-first heap   total 249856K, used 151205K [0x00000000a0000000, 0x0000000100000000)
  region size 1024K, 7 young (7168K), 7 survivors (7168K)
 Metaspace       used 77045K, capacity 78982K, committed 79436K, reserved 1118208K
  class space    used 10241K, capacity 10931K, committed 11084K, reserved 1048576K
}
Event: 16.164 GC heap before
{Heap before GC invocations=48 (full 0):
 garbage-first heap   total 249856K, used 194213K [0x00000000a0000000, 0x0000000100000000)
  region size 1024K, 50 young (51200K), 7 survivors (7168K)
 Metaspace       used 77080K, capacity 79048K, committed 79436K, reserved 1118208K
  class space    used 10244K, capacity 10931K, committed 11084K, reserved 1048576K
}
Event: 16.176 GC heap after
{Heap after GC invocations=49 (full 0):
 garbage-first heap   total 249856K, used 162673K [0x00000000a0000000, 0x0000000100000000)
  region size 1024K, 7 young (7168K), 7 survivors (7168K)
 Metaspace       used 77080K, capacity 79048K, committed 79436K, reserved 1118208K
  class space    used 10244K, capacity 10931K, committed 11084K, reserved 1048576K
}
Event: 16.268 GC heap before
{Heap before GC invocations=49 (full 0):
 garbage-first heap   total 307200K, used 199537K [0x00000000a0000000, 0x0000000100000000)
  region size 1024K, 44 young (45056K), 7 survivors (7168K)
 Metaspace       used 77088K, capacity 79050K, committed 79436K, reserved 1118208K
  class space    used 10244K, capacity 10931K, committed 11084K, reserved 1048576K
}
Event: 16.283 GC heap after
{Heap after GC invocations=50 (full 0):
 garbage-first heap   total 307200K, used 173119K [0x00000000a0000000, 0x0000000100000000)
  region size 1024K, 6 young (6144K), 6 survivors (6144K)
 Metaspace       used 77088K, capacity 79050K, committed 79436K, reserved 1118208K
  class space    used 10244K, capacity 10931K, committed 11084K, reserved 1048576K
}
Event: 16.378 GC heap before
{Heap before GC invocations=51 (full 0):
 garbage-first heap   total 307200K, used 227391K [0x00000000a0000000, 0x0000000100000000)
  region size 1024K, 60 young (61440K), 6 survivors (6144K)
 Metaspace       used 77110K, capacity 79065K, committed 79436K, reserved 1118208K
  class space    used 10247K, capacity 10935K, committed 11084K, reserved 1048576K
}
Event: 16.395 GC heap after
{Heap after GC invocations=52 (full 0):
 garbage-first heap   total 420864K, used 187457K [0x00000000a0000000, 0x0000000100000000)
  region size 1024K, 8 young (8192K), 8 survivors (8192K)
 Metaspace       used 77110K, capacity 79065K, committed 79436K, reserved 1118208K
  class space    used 10247K, capacity 10935K, committed 11084K, reserved 1048576K
}
Event: 16.532 GC heap before
{Heap before GC invocations=52 (full 0):
 garbage-first heap   total 420864K, used 271425K [0x00000000a0000000, 0x0000000100000000)
  region size 1024K, 89 young (91136K), 8 survivors (8192K)
 Metaspace       used 77111K, capacity 79065K, committed 79436K, reserved 1118208K
  class space    used 10247K, capacity 10935K, committed 11084K, reserved 1048576K
}
Event: 16.556 GC heap after
{Heap after GC invocations=53 (full 0):
 garbage-first heap   total 420864K, used 209773K [0x00000000a0000000, 0x0000000100000000)
  region size 1024K, 12 young (12288K), 12 survivors (12288K)
 Metaspace       used 77111K, capacity 79065K, committed 79436K, reserved 1118208K
  class space    used 10247K, capacity 10935K, committed 11084K, reserved 1048576K
}
Event: 16.608 GC heap before
{Heap before GC invocations=53 (full 0):
 garbage-first heap   total 420864K, used 243565K [0x00000000a0000000, 0x0000000100000000)
  region size 1024K, 46 young (47104K), 12 survivors (12288K)
 Metaspace       used 77111K, capacity 79065K, committed 79436K, reserved 1118208K
  class space    used 10247K, capacity 10935K, committed 11084K, reserved 1048576K
}
Event: 16.631 GC heap after
{Heap after GC invocations=54 (full 0):
 garbage-first heap   total 420864K, used 220580K [0x00000000a0000000, 0x0000000100000000)
  region size 1024K, 9 young (9216K), 9 survivors (9216K)
 Metaspace       used 77111K, capacity 79065K, committed 79436K, reserved 1118208K
  class space    used 10247K, capacity 10935K, committed 11084K, reserved 1048576K
}
Event: 16.788 GC heap before
{Heap before GC invocations=54 (full 0):
 garbage-first heap   total 420864K, used 292260K [0x00000000a0000000, 0x0000000100000000)
  region size 1024K, 78 young (79872K), 9 survivors (9216K)
 Metaspace       used 77111K, capacity 79065K, committed 79436K, reserved 1118208K
  class space    used 10247K, capacity 10935K, committed 11084K, reserved 1048576K
}
Event: 16.817 GC heap after
{Heap after GC invocations=55 (full 0):
 garbage-first heap   total 420864K, used 240309K [0x00000000a0000000, 0x0000000100000000)
  region size 1024K, 10 young (10240K), 10 survivors (10240K)
 Metaspace       used 77111K, capacity 79065K, committed 79436K, reserved 1118208K
  class space    used 10247K, capacity 10935K, committed 11084K, reserved 1048576K
}
Event: 17.282 GC heap before
{Heap before GC invocations=56 (full 0):
 garbage-first heap   total 457728K, used 309941K [0x00000000a0000000, 0x0000000100000000)
  region size 1024K, 74 young (75776K), 10 survivors (10240K)
 Metaspace       used 77066K, capacity 78991K, committed 79436K, reserved 1118208K
  class space    used 10231K, capacity 10907K, committed 11084K, reserved 1048576K
}

